Determining if the pthread_create exist failed with the following output:
Change Dir: /home/chenyue001/Khattiya-Explore-Bench/build/CMakeFiles/CMakeTmp

Run Build Command:"/usr/bin/make" "cmTC_2fcfc/fast"
/usr/bin/make -f CMakeFiles/cmTC_2fcfc.dir/build.make CMakeFiles/cmTC_2fcfc.dir/build
make[1]: Entering directory '/home/chenyue001/Khattiya-Explore-Bench/build/CMakeFiles/CMakeTmp'
Building C object CMakeFiles/cmTC_2fcfc.dir/CheckSymbolExists.c.o
/usr/bin/cc    -o CMakeFiles/cmTC_2fcfc.dir/CheckSymbolExists.c.o   -c /home/chenyue001/Khattiya-Explore-Bench/build/CMakeFiles/CMakeTmp/CheckSymbolExists.c
Linking C executable cmTC_2fcfc
/usr/bin/cmake -E cmake_link_script CMakeFiles/cmTC_2fcfc.dir/link.txt --verbose=1
/usr/bin/cc      -rdynamic CMakeFiles/cmTC_2fcfc.dir/CheckSymbolExists.c.o  -o cmTC_2fcfc 
CMakeFiles/cmTC_2fcfc.dir/CheckSymbolExists.c.o: In function `main':
CheckSymbolExists.c:(.text+0x1b): undefined reference to `pthread_create'
collect2: error: ld returned 1 exit status
CMakeFiles/cmTC_2fcfc.dir/build.make:97: recipe for target 'cmTC_2fcfc' failed
make[1]: *** [cmTC_2fcfc] Error 1
make[1]: Leaving directory '/home/chenyue001/Khattiya-Explore-Bench/build/CMakeFiles/CMakeTmp'
Makefile:126: recipe for target 'cmTC_2fcfc/fast' failed
make: *** [cmTC_2fcfc/fast] Error 2

File /home/chenyue001/Khattiya-Explore-Bench/build/CMakeFiles/CMakeTmp/CheckSymbolExists.c:
/* */
#include <pthread.h>

int main(int argc, char** argv)
{
  (void)argv;
#ifndef pthread_create
  return ((int*)(&pthread_create))[argc];
#else
  (void)argc;
  return 0;
#endif
}

Determining if the function pthread_create exists in the pthreads failed with the following output:
Change Dir: /home/chenyue001/Khattiya-Explore-Bench/build/CMakeFiles/CMakeTmp

Run Build Command:"/usr/bin/make" "cmTC_cc708/fast"
/usr/bin/make -f CMakeFiles/cmTC_cc708.dir/build.make CMakeFiles/cmTC_cc708.dir/build
make[1]: Entering directory '/home/chenyue001/Khattiya-Explore-Bench/build/CMakeFiles/CMakeTmp'
Building C object CMakeFiles/cmTC_cc708.dir/CheckFunctionExists.c.o
/usr/bin/cc   -DCHECK_FUNCTION_EXISTS=pthread_create   -o CMakeFiles/cmTC_cc708.dir/CheckFunctionExists.c.o   -c /usr/share/cmake-3.10/Modules/CheckFunctionExists.c
Linking C executable cmTC_cc708
/usr/bin/cmake -E cmake_link_script CMakeFiles/cmTC_cc708.dir/link.txt --verbose=1
/usr/bin/cc  -DCHECK_FUNCTION_EXISTS=pthread_create    -rdynamic CMakeFiles/cmTC_cc708.dir/CheckFunctionExists.c.o  -o cmTC_cc708 -lpthreads 
/usr/bin/ld: cannot find -lpthreads
collect2: error: ld returned 1 exit status
CMakeFiles/cmTC_cc708.dir/build.make:97: recipe for target 'cmTC_cc708' failed
make[1]: *** [cmTC_cc708] Error 1
make[1]: Leaving directory '/home/chenyue001/Khattiya-Explore-Bench/build/CMakeFiles/CMakeTmp'
Makefile:126: recipe for target 'cmTC_cc708/fast' failed
make: *** [cmTC_cc708/fast] Error 2


